============================================================
  Generated by:           Encounter(R) RTL Compiler RC14.13 - v14.10-s027_1
  Generated on:           Oct 04 2023  01:48:34 pm
  Module:                 recv_top
  Technology library:     NanGate_15nm_OCL revision 1.0
  Operating conditions:   worst_low (balanced_tree)
  Wireload mode:          enclosed
  Area mode:              timing library
============================================================

                              
   Gate    Instances   Area         Library       
--------------------------------------------------
AND2_X1           55   16.220    NanGate_15nm_OCL 
AOI21_X1          17    5.014    NanGate_15nm_OCL 
AOI22_X1          39   13.418    NanGate_15nm_OCL 
DFFRNQ_X1          6    7.668    NanGate_15nm_OCL 
DFFSNQ_X1         98  125.239    NanGate_15nm_OCL 
FA_X1              3    3.539    NanGate_15nm_OCL 
HA_X1              5    3.195    NanGate_15nm_OCL 
INV_X1            86   12.681    NanGate_15nm_OCL 
NAND2_X1          53   10.420    NanGate_15nm_OCL 
NAND3_X1           8    2.359    NanGate_15nm_OCL 
NAND4_X1           7    2.408    NanGate_15nm_OCL 
NOR2_X1           80   15.729    NanGate_15nm_OCL 
NOR3_X1            1    0.295    NanGate_15nm_OCL 
NOR4_X1            8    2.753    NanGate_15nm_OCL 
OAI21_X1          12    3.539    NanGate_15nm_OCL 
OAI22_X1          20    6.881    NanGate_15nm_OCL 
OR2_X1             6    1.769    NanGate_15nm_OCL 
OR4_X1             3    1.327    NanGate_15nm_OCL 
XNOR2_X1          10    4.424    NanGate_15nm_OCL 
XOR2_X1           19    8.405    NanGate_15nm_OCL 
--------------------------------------------------
total            536  247.284                     


                                    
   Type    Instances   Area  Area % 
------------------------------------
sequential       104 132.907   53.7 
inverter          86  12.681    5.1 
logic            346 101.695   41.1 
------------------------------------
total            536 247.284  100.0 

